<?xml version="1.0" encoding="UTF-8"?>
<!-- Generated by org.testng.reporters.JUnitReportReporter -->
<testsuite skipped="0" hostname="Home" name="TestCases.SignInAccountTest" tests="3" failures="0" timestamp="03 Oct 2017 19:26:09 GMT" time="5.679" errors="0">
  <testcase name="searchItem" time="3.827" classname="TestCases.SignInAccountTest"/>
  <testcase name="validateHeaderText" time="0.091" classname="TestCases.SignInAccountTest"/>
  <testcase name="loginInvalidData" time="1.761" classname="TestCases.SignInAccountTest"/>
</testsuite> <!-- TestCases.SignInAccountTest -->
